<?xml version="1.0" encoding="UTF-8"?>
<!-- Generated by org.testng.reporters.JUnitXMLReporter -->
<testsuite ignored="0" hostname="ATMECSINDT-088" failures="1" tests="2" name="Test" time="22.464" errors="0" timestamp="27 Aug 2019 14:12:18 GMT">
  <testcase classname="com.atmecs.utils.testdata.OrangeHrm" name="automate" time="0.032">
    <failure type="java.lang.NullPointerException">
      <![CDATA[java.lang.NullPointerException
at com.atmecs.utils.testdata.OrangeHrm.automate(OrangeHrm.java:72)
... Removed 25 stack frames]]>
    </failure>
  </testcase> <!-- automate -->
  <testcase classname="com.atmecs.utils.testdata.OrangeHrm" name="setup" time="22.351"/>
</testsuite> <!-- Test -->
