<?xml version="1.0" encoding="UTF-8"?>
<testng-results ignored="0" total="1" passed="1" failed="0" skipped="0">
  <reporter-output>
  </reporter-output>
  <suite started-at="2019-08-27T14:48:50Z" name="Default suite" finished-at="2019-08-27T14:49:55Z" duration-ms="64445">
    <groups>
    </groups>
    <test started-at="2019-08-27T14:48:50Z" name="Default test" finished-at="2019-08-27T14:49:55Z" duration-ms="64445">
      <class name="com.atmecs.utils.testdata.OrangeHrm">
        <test-method is-config="true" signature="setup()[pri:0, instance:com.atmecs.utils.testdata.OrangeHrm@55a561cf]" started-at="2019-08-27T14:48:50Z" name="setup" finished-at="2019-08-27T14:49:43Z" duration-ms="52875" status="PASS">
          <reporter-output>
          </reporter-output>
        </test-method> <!-- setup -->
        <test-method signature="automate()[pri:0, instance:com.atmecs.utils.testdata.OrangeHrm@55a561cf]" started-at="2019-08-27T14:49:43Z" name="automate" finished-at="2019-08-27T14:49:55Z" duration-ms="11448" status="PASS">
          <reporter-output>
          </reporter-output>
        </test-method> <!-- automate -->
      </class> <!-- com.atmecs.utils.testdata.OrangeHrm -->
    </test> <!-- Default test -->
  </suite> <!-- Default suite -->
</testng-results>
